# JRE version: OpenJDK Runtime Environment Microsoft-12574440 (17.0.17+10) (build 17.0.17+10-LTS)
# Java VM: OpenJDK 64-Bit Server VM Microsoft-12574440 (17.0.17+10-LTS, mixed mode, emulated-client, sharing, tiered, compressed oops, compressed class ptrs, g1 gc, linux-amd64)
GC Precious Log:
 CPUs: 8 total, 8 available
 Memory: 15692M
 Large Page Support: Disabled
 NUMA Support: Disabled
 Compressed Oops: Enabled (Zero based)
 Heap Region Size: 2M
 Heap Min Capacity: 8M
 Heap Initial Capacity: 246M
 Heap Max Capacity: 3924M
 Pre-touch: Disabled
 Parallel Workers: 8
 Concurrent Workers: 2
 Concurrent Refinement Workers: 8
 Periodic GC: Disabled
Heap:
 garbage-first heap   total 81920K, used 57251K [0x000000070ac00000, 0x0000000800000000)
  region size 2048K, 19 young (38912K), 3 survivors (6144K)
 Metaspace       used 41826K, committed 42240K, reserved 1114112K
  class space    used 5707K, committed 5888K, reserved 1048576K
GC Heap History (15 events):
Event: 0.394 GC heap before
{Heap before GC invocations=0 (full 0):
 garbage-first heap   total 256000K, used 22452K [0x000000070ac00000, 0x0000000800000000)
  region size 2048K, 11 young (22528K), 0 survivors (0K)
 Metaspace       used 4247K, committed 4416K, reserved 1114112K
  class space    used 560K, committed 640K, reserved 1048576K
}
Event: 0.396 GC heap after
{Heap after GC invocations=1 (full 0):
 garbage-first heap   total 256000K, used 10185K [0x000000070ac00000, 0x0000000800000000)
  region size 2048K, 2 young (4096K), 2 survivors (4096K)
 Metaspace       used 4247K, committed 4416K, reserved 1114112K
  class space    used 560K, committed 640K, reserved 1048576K
}
Event: 0.656 GC heap before
{Heap before GC invocations=1 (full 0):
 garbage-first heap   total 256000K, used 34761K [0x000000070ac00000, 0x0000000800000000)
  region size 2048K, 14 young (28672K), 2 survivors (4096K)
 Metaspace       used 9285K, committed 9664K, reserved 1114112K
  class space    used 1339K, committed 1536K, reserved 1048576K
}
Event: 0.659 GC heap after
{Heap after GC invocations=2 (full 0):
 garbage-first heap   total 256000K, used 11616K [0x000000070ac00000, 0x0000000800000000)
  region size 2048K, 1 young (2048K), 1 survivors (2048K)
 Metaspace       used 9285K, committed 9664K, reserved 1114112K
  class space    used 1339K, committed 1536K, reserved 1048576K
}
Event: 1.367 GC heap before
{Heap before GC invocations=2 (full 0):
 garbage-first heap   total 256000K, used 99680K [0x000000070ac00000, 0x0000000800000000)
  region size 2048K, 45 young (92160K), 1 survivors (2048K)
 Metaspace       used 21175K, committed 21504K, reserved 1114112K
  class space    used 2995K, committed 3136K, reserved 1048576K
}
Event: 1.373 GC heap after
{Heap after GC invocations=3 (full 0):
 garbage-first heap   total 256000K, used 18199K [0x000000070ac00000, 0x0000000800000000)
  region size 2048K, 5 young (10240K), 5 survivors (10240K)
 Metaspace       used 21175K, committed 21504K, reserved 1114112K
  class space    used 2995K, committed 3136K, reserved 1048576K
}
Event: 1.811 GC heap before
{Heap before GC invocations=4 (full 0):
 garbage-first heap   total 81920K, used 57111K [0x000000070ac00000, 0x0000000800000000)
  region size 2048K, 24 young (49152K), 5 survivors (10240K)
 Metaspace       used 26693K, committed 27072K, reserved 1114112K
  class space    used 3818K, committed 4032K, reserved 1048576K
}
Event: 1.819 GC heap after
{Heap after GC invocations=5 (full 0):
 garbage-first heap   total 81920K, used 21443K [0x000000070ac00000, 0x0000000800000000)
  region size 2048K, 2 young (4096K), 2 survivors (4096K)
 Metaspace       used 26693K, committed 27072K, reserved 1114112K
  class space    used 3818K, committed 4032K, reserved 1048576K
}
Event: 1.845 GC heap before
{Heap before GC invocations=5 (full 0):
 garbage-first heap   total 81920K, used 23491K [0x000000070ac00000, 0x0000000800000000)
  region size 2048K, 3 young (6144K), 2 survivors (4096K)
 Metaspace       used 27197K, committed 27648K, reserved 1114112K
  class space    used 3875K, committed 4096K, reserved 1048576K
}
Event: 1.850 GC heap after
{Heap after GC invocations=6 (full 0):
 garbage-first heap   total 81920K, used 22295K [0x000000070ac00000, 0x0000000800000000)
  region size 2048K, 1 young (2048K), 1 survivors (2048K)
 Metaspace       used 27197K, committed 27648K, reserved 1114112K
  class space    used 3875K, committed 4096K, reserved 1048576K
}
Event: 2.215 GC heap before
{Heap before GC invocations=6 (full 0):
 garbage-first heap   total 81920K, used 53015K [0x000000070ac00000, 0x0000000800000000)
  region size 2048K, 16 young (32768K), 1 survivors (2048K)
 Metaspace       used 33527K, committed 33984K, reserved 1114112K
  class space    used 4677K, committed 4864K, reserved 1048576K
}
Event: 2.218 GC heap after
{Heap after GC invocations=7 (full 0):
 garbage-first heap   total 81920K, used 23775K [0x000000070ac00000, 0x0000000800000000)
  region size 2048K, 2 young (4096K), 2 survivors (4096K)
 Metaspace       used 33527K, committed 33984K, reserved 1114112K
  class space    used 4677K, committed 4864K, reserved 1048576K
}
Event: 2.336 GC heap before
{Heap before GC invocations=7 (full 0):
 garbage-first heap   total 81920K, used 38111K [0x000000070ac00000, 0x0000000800000000)
  region size 2048K, 10 young (20480K), 2 survivors (4096K)
 Metaspace       used 35630K, committed 36096K, reserved 1114112K
  class space    used 4953K, committed 5184K, reserved 1048576K
}
Event: 2.339 GC heap after
{Heap after GC invocations=8 (full 0):
 garbage-first heap   total 81920K, used 24483K [0x000000070ac00000, 0x0000000800000000)
  region size 2048K, 2 young (4096K), 2 survivors (4096K)
 Metaspace       used 35630K, committed 36096K, reserved 1114112K
  class space    used 4953K, committed 5184K, reserved 1048576K
}
Event: 3.326 GC heap before
{Heap before GC invocations=9 (full 0):
 garbage-first heap   total 81920K, used 57251K [0x000000070ac00000, 0x0000000800000000)
  region size 2048K, 18 young (36864K), 2 survivors (4096K)
 Metaspace       used 41826K, committed 42240K, reserved 1114112K
  class space    used 5707K, committed 5888K, reserved 1048576K
}

