# JRE version: OpenJDK Runtime Environment Temurin-21.0.9+10 (21.0.9+10) (build 21.0.9+10-LTS)
# Java VM: OpenJDK 64-Bit Server VM Temurin-21.0.9+10 (21.0.9+10-LTS, mixed mode, sharing, tiered, compressed oops, compressed class ptrs, g1 gc, linux-amd64)
GC Precious Log:
 CardTable entry size: 512
 Card Set container configuration: InlinePtr #cards 5 size 8 Array Of Cards #cards 12 size 40 Howl #buckets 4 coarsen threshold 1843 Howl Bitmap #cards 512 size 80 coarsen threshold 460 Card regions per heap region 1 cards per card region 2048
 CPUs: 8 total, 8 available
 Memory: 15692M
 Large Page Support: Disabled
 NUMA Support: Disabled
 Compressed Oops: Enabled (32-bit)
 Heap Region Size: 1M
 Heap Min Capacity: 256M
 Heap Initial Capacity: 256M
 Heap Max Capacity: 512M
 Pre-touch: Disabled
 Parallel Workers: 8
 Concurrent Workers: 2
 Concurrent Refinement Workers: 8
 Periodic GC: Disabled
Heap:
 garbage-first heap   total 262144K, used 162526K [0x00000000e0000000, 0x0000000100000000)
  region size 1024K, 137 young (140288K), 20 survivors (20480K)
 Metaspace       used 35106K, committed 36096K, reserved 393216K
  class space    used 5009K, committed 5504K, reserved 327680K
GC Heap History (9 events):
Event: 0.355 GC heap before
{Heap before GC invocations=0 (full 0):
 garbage-first heap   total 264192K, used 23601K [0x00000000e0000000, 0x0000000100000000)
  region size 1024K, 23 young (23552K), 0 survivors (0K)
 Metaspace       used 1094K, committed 1216K, reserved 393216K
  class space    used 80K, committed 128K, reserved 327680K
}
Event: 0.358 GC heap after
{Heap after GC invocations=1 (full 0):
 garbage-first heap   total 264192K, used 4678K [0x00000000e0000000, 0x0000000100000000)
  region size 1024K, 3 young (3072K), 3 survivors (3072K)
 Metaspace       used 1094K, committed 1216K, reserved 393216K
  class space    used 80K, committed 128K, reserved 327680K
}
Event: 0.837 GC heap before
{Heap before GC invocations=1 (full 0):
 garbage-first heap   total 264192K, used 51782K [0x00000000e0000000, 0x0000000100000000)
  region size 1024K, 46 young (47104K), 3 survivors (3072K)
 Metaspace       used 4498K, committed 4672K, reserved 393216K
  class space    used 563K, committed 640K, reserved 327680K
}
Event: 0.842 GC heap after
{Heap after GC invocations=2 (full 0):
 garbage-first heap   total 264192K, used 12729K [0x00000000e0000000, 0x0000000100000000)
  region size 1024K, 6 young (6144K), 6 survivors (6144K)
 Metaspace       used 4498K, committed 4672K, reserved 393216K
  class space    used 563K, committed 640K, reserved 327680K
}
Event: 2.578 GC heap before
{Heap before GC invocations=2 (full 0):
 garbage-first heap   total 264192K, used 70073K [0x00000000e0000000, 0x0000000100000000)
  region size 1024K, 60 young (61440K), 6 survivors (6144K)
 Metaspace       used 13875K, committed 14336K, reserved 393216K
  class space    used 1876K, committed 2112K, reserved 327680K
}
Event: 2.591 GC heap after
{Heap after GC invocations=3 (full 0):
 garbage-first heap   total 264192K, used 20702K [0x00000000e0000000, 0x0000000100000000)
  region size 1024K, 8 young (8192K), 8 survivors (8192K)
 Metaspace       used 13875K, committed 14336K, reserved 393216K
  class space    used 1876K, committed 2112K, reserved 327680K
}
Event: 3.325 GC heap before
{Heap before GC invocations=3 (full 0):
 garbage-first heap   total 264192K, used 71902K [0x00000000e0000000, 0x0000000100000000)
  region size 1024K, 60 young (61440K), 8 survivors (8192K)
 Metaspace       used 20933K, committed 21504K, reserved 393216K
  class space    used 3058K, committed 3328K, reserved 327680K
}
Event: 3.331 GC heap after
{Heap after GC invocations=4 (full 0):
 garbage-first heap   total 264192K, used 24798K [0x00000000e0000000, 0x0000000100000000)
  region size 1024K, 12 young (12288K), 12 survivors (12288K)
 Metaspace       used 20933K, committed 21504K, reserved 393216K
  class space    used 3058K, committed 3328K, reserved 327680K
}
Event: 6.560 GC heap before
{Heap before GC invocations=5 (full 0):
 garbage-first heap   total 262144K, used 160990K [0x00000000e0000000, 0x0000000100000000)
  region size 1024K, 129 young (132096K), 12 survivors (12288K)
 Metaspace       used 35106K, committed 36096K, reserved 393216K
  class space    used 5009K, committed 5504K, reserved 327680K
}

